ft_atoi.c: OK!
ft_bzero.c: OK!
ft_calloc.c: OK!
ft_isalnum.c: OK!
ft_isalpha.c: OK!
ft_isascii.c: OK!
ft_isdigit.c: OK!
ft_isprint.c: OK!
ft_itoa.c: OK!
ft_lstadd_back.c: OK!
ft_lstadd_front.c: OK!
ft_lstclear.c: OK!
ft_lstdelone.c: OK!
ft_lstiter.c: OK!
ft_lstlast.c: OK!
ft_lstmap.c: OK!
ft_lstnew.c: OK!
ft_lstsize.c: OK!
ft_memccpy.c: OK!
ft_memchr.c: OK!
ft_memcmp.c: OK!
ft_memcpy.c: OK!
ft_memmove.c: OK!
ft_memset.c: OK!
ft_putchar_fd.c: OK!
ft_putendl_fd.c: OK!
ft_putnbr_fd.c: OK!
ft_putstr_fd.c: OK!
ft_split.c: Error!
Error: TOO_MANY_LINES       (line: 105, col:   1):	Function has more than 25 lines
ft_strchr.c: OK!
ft_strdup.c: OK!
ft_strjoin.c: OK!
ft_strlcat.c: OK!
ft_strlcpy.c: OK!
ft_strlen.c: OK!
ft_strmapi.c: OK!
ft_strncmp.c: OK!
ft_strnstr.c: OK!
ft_strrchr.c: OK!
ft_strtrim.c: OK!
ft_substr.c: OK!
ft_tolower.c: OK!
ft_toupper.c: OK!
libft.h: OK!
main.c: Error!
Error: SPACE_BEFORE_FUNC    (line:  32, col:   4):	space before function name
Error: SPACE_REPLACE_TAB    (line:  34, col:   9):	Found space when expecting tab
Error: MISALIGNED_VAR_DECL  (line:  35, col:   9):	Misaligned variable declaration
Error: SPACE_REPLACE_TAB    (line:  36, col:   9):	Found space when expecting tab
Error: CONSECUTIVE_SPC      (line:  38, col:   8):	Two or more consecutives spaces
Error: SPC_BEFORE_NL        (line:  46, col:  44):	Space before newline
Error: SPC_BEFORE_NL        (line:  47, col:  46):	Space before newline
Error: BRACE_SHOULD_EOL     (line:  50, col:   1):	Expected newline after brace
